Selected device: cuda
4 devices available
Importing data
Building Model
Initiated model with 12233 parameters
Training enc_dec(
  (encoder): DataParallel(
    (module): encoder(
      (ndstack): NondeterministicStackRNN(
        (controller): UnidirectionalLSTM(
          (rnn): LSTM(8, 32, batch_first=True)
        )
        (operation_layer): Linear(in_features=32, out_features=40, bias=True)
      )
    )
  )
  (decoder): decoder(
    (lstm): LSTM(9, 32, batch_first=True)
    (linear): Linear(in_features=32, out_features=1, bias=True)
    (clip): Hardtanh(min_val=0.0, max_val=1.0)
  )
)
Training batch 0/160 for epoch 0/2000; time elapsed: 0.00 s
Training batch 5/160 for epoch 0/2000; time elapsed: 135.55 s
Training batch 10/160 for epoch 0/2000; time elapsed: 243.72 s
Training batch 15/160 for epoch 0/2000; time elapsed: 379.64 s
Training batch 20/160 for epoch 0/2000; time elapsed: 521.14 s
Training batch 25/160 for epoch 0/2000; time elapsed: 662.43 s
Training batch 30/160 for epoch 0/2000; time elapsed: 804.38 s
Training batch 35/160 for epoch 0/2000; time elapsed: 950.91 s
Training batch 40/160 for epoch 0/2000; time elapsed: 1101.52 s
Training batch 45/160 for epoch 0/2000; time elapsed: 1252.11 s
Training batch 50/160 for epoch 0/2000; time elapsed: 1403.26 s
Training batch 55/160 for epoch 0/2000; time elapsed: 1553.93 s
Training batch 60/160 for epoch 0/2000; time elapsed: 1704.24 s
Training batch 65/160 for epoch 0/2000; time elapsed: 1854.37 s
Training batch 70/160 for epoch 0/2000; time elapsed: 2004.71 s
Training batch 75/160 for epoch 0/2000; time elapsed: 2150.08 s
Training batch 80/160 for epoch 0/2000; time elapsed: 2294.03 s
Training batch 85/160 for epoch 0/2000; time elapsed: 2439.01 s
Training batch 90/160 for epoch 0/2000; time elapsed: 2583.25 s
Training batch 95/160 for epoch 0/2000; time elapsed: 2725.11 s
Training batch 100/160 for epoch 0/2000; time elapsed: 2859.21 s
Training batch 105/160 for epoch 0/2000; time elapsed: 2993.43 s
Training batch 110/160 for epoch 0/2000; time elapsed: 3127.47 s
Training batch 115/160 for epoch 0/2000; time elapsed: 3262.08 s
Training batch 120/160 for epoch 0/2000; time elapsed: 3394.63 s
Training batch 125/160 for epoch 0/2000; time elapsed: 3532.01 s
Training batch 130/160 for epoch 0/2000; time elapsed: 3686.79 s
Training batch 135/160 for epoch 0/2000; time elapsed: 3841.39 s
Training batch 140/160 for epoch 0/2000; time elapsed: 3996.85 s
Training batch 145/160 for epoch 0/2000; time elapsed: 4155.30 s
Training batch 150/160 for epoch 0/2000; time elapsed: 4313.78 s
Training batch 155/160 for epoch 0/2000; time elapsed: 4471.98 s
Epoch  0 Train Batch Loss:  0.878 Test Loss:  0.64 ; Time elapsed:  4866.82
Training batch 0/160 for epoch 1/2000; time elapsed: 4866.82 s
Training batch 5/160 for epoch 1/2000; time elapsed: 5021.47 s
Training batch 10/160 for epoch 1/2000; time elapsed: 5174.70 s
Training batch 15/160 for epoch 1/2000; time elapsed: 5327.37 s
Training batch 20/160 for epoch 1/2000; time elapsed: 5482.57 s
Training batch 25/160 for epoch 1/2000; time elapsed: 5637.29 s
Training batch 30/160 for epoch 1/2000; time elapsed: 5792.05 s
Training batch 35/160 for epoch 1/2000; time elapsed: 5949.38 s
Training batch 40/160 for epoch 1/2000; time elapsed: 6106.59 s
Training batch 45/160 for epoch 1/2000; time elapsed: 6263.88 s
Training batch 50/160 for epoch 1/2000; time elapsed: 6420.71 s
Training batch 55/160 for epoch 1/2000; time elapsed: 6577.83 s
Training batch 60/160 for epoch 1/2000; time elapsed: 6735.54 s
Training batch 65/160 for epoch 1/2000; time elapsed: 6890.26 s
Training batch 70/160 for epoch 1/2000; time elapsed: 7040.92 s
Training batch 75/160 for epoch 1/2000; time elapsed: 7191.81 s
Training batch 80/160 for epoch 1/2000; time elapsed: 7342.82 s
Training batch 85/160 for epoch 1/2000; time elapsed: 7499.85 s
Training batch 90/160 for epoch 1/2000; time elapsed: 7656.35 s
Training batch 95/160 for epoch 1/2000; time elapsed: 7813.33 s
Training batch 100/160 for epoch 1/2000; time elapsed: 7970.39 s
Training batch 105/160 for epoch 1/2000; time elapsed: 8126.86 s
Training batch 110/160 for epoch 1/2000; time elapsed: 8284.30 s
Training batch 115/160 for epoch 1/2000; time elapsed: 8433.19 s
Training batch 120/160 for epoch 1/2000; time elapsed: 8581.85 s
Training batch 125/160 for epoch 1/2000; time elapsed: 8740.63 s
Training batch 130/160 for epoch 1/2000; time elapsed: 8899.68 s
Training batch 135/160 for epoch 1/2000; time elapsed: 9058.35 s
Training batch 140/160 for epoch 1/2000; time elapsed: 9217.65 s
Training batch 145/160 for epoch 1/2000; time elapsed: 9377.23 s
Training batch 150/160 for epoch 1/2000; time elapsed: 9537.57 s
Training batch 155/160 for epoch 1/2000; time elapsed: 9697.64 s
Epoch  1 Train Batch Loss:  0.555 ; Time elapsed:  9857.96
Training batch 0/160 for epoch 2/2000; time elapsed: 9857.96 s
Training batch 5/160 for epoch 2/2000; time elapsed: 9999.75 s
Training batch 10/160 for epoch 2/2000; time elapsed: 10139.86 s
Training batch 15/160 for epoch 2/2000; time elapsed: 10281.45 s
Training batch 20/160 for epoch 2/2000; time elapsed: 10429.57 s
Training batch 25/160 for epoch 2/2000; time elapsed: 10589.01 s
Training batch 30/160 for epoch 2/2000; time elapsed: 10748.21 s
Training batch 35/160 for epoch 2/2000; time elapsed: 10907.41 s
Training batch 40/160 for epoch 2/2000; time elapsed: 11066.18 s
Training batch 45/160 for epoch 2/2000; time elapsed: 11225.42 s
Training batch 50/160 for epoch 2/2000; time elapsed: 11384.60 s
Training batch 55/160 for epoch 2/2000; time elapsed: 11544.08 s
Training batch 60/160 for epoch 2/2000; time elapsed: 11702.48 s
Training batch 65/160 for epoch 2/2000; time elapsed: 11861.08 s
Training batch 70/160 for epoch 2/2000; time elapsed: 12019.90 s
Training batch 75/160 for epoch 2/2000; time elapsed: 12177.58 s
Training batch 80/160 for epoch 2/2000; time elapsed: 12335.66 s
Training batch 85/160 for epoch 2/2000; time elapsed: 12492.87 s
Training batch 90/160 for epoch 2/2000; time elapsed: 12651.56 s
Training batch 95/160 for epoch 2/2000; time elapsed: 12810.09 s
Training batch 100/160 for epoch 2/2000; time elapsed: 12968.99 s
Training batch 105/160 for epoch 2/2000; time elapsed: 13128.17 s
Training batch 110/160 for epoch 2/2000; time elapsed: 13288.30 s
Training batch 115/160 for epoch 2/2000; time elapsed: 13448.25 s
Training batch 120/160 for epoch 2/2000; time elapsed: 13605.83 s
Training batch 125/160 for epoch 2/2000; time elapsed: 13761.92 s
Training batch 130/160 for epoch 2/2000; time elapsed: 13918.76 s
Training batch 135/160 for epoch 2/2000; time elapsed: 14078.43 s
Training batch 140/160 for epoch 2/2000; time elapsed: 14238.54 s
Training batch 145/160 for epoch 2/2000; time elapsed: 14397.94 s
Training batch 150/160 for epoch 2/2000; time elapsed: 14557.96 s
Training batch 155/160 for epoch 2/2000; time elapsed: 14716.93 s
Epoch  2 Train Batch Loss:  0.479 ; Time elapsed:  14874.41
Training batch 0/160 for epoch 3/2000; time elapsed: 14874.42 s
Training batch 5/160 for epoch 3/2000; time elapsed: 15033.52 s
Training batch 10/160 for epoch 3/2000; time elapsed: 15192.82 s
Training batch 15/160 for epoch 3/2000; time elapsed: 15345.35 s
Training batch 20/160 for epoch 3/2000; time elapsed: 15484.09 s
Training batch 25/160 for epoch 3/2000; time elapsed: 15621.87 s
Training batch 30/160 for epoch 3/2000; time elapsed: 15771.78 s
Training batch 35/160 for epoch 3/2000; time elapsed: 15930.20 s
Training batch 40/160 for epoch 3/2000; time elapsed: 16088.19 s
Training batch 45/160 for epoch 3/2000; time elapsed: 16246.94 s
Training batch 50/160 for epoch 3/2000; time elapsed: 16404.49 s
Training batch 55/160 for epoch 3/2000; time elapsed: 16562.19 s
Training batch 60/160 for epoch 3/2000; time elapsed: 16720.52 s
Training batch 65/160 for epoch 3/2000; time elapsed: 16877.93 s
Training batch 70/160 for epoch 3/2000; time elapsed: 17020.87 s
Training batch 75/160 for epoch 3/2000; time elapsed: 17164.00 s
Training batch 80/160 for epoch 3/2000; time elapsed: 17307.49 s
Training batch 85/160 for epoch 3/2000; time elapsed: 17451.89 s
Training batch 90/160 for epoch 3/2000; time elapsed: 17595.99 s
Training batch 95/160 for epoch 3/2000; time elapsed: 17740.11 s
Training batch 100/160 for epoch 3/2000; time elapsed: 17888.27 s
Training batch 105/160 for epoch 3/2000; time elapsed: 18037.92 s
Training batch 110/160 for epoch 3/2000; time elapsed: 18188.46 s
Training batch 115/160 for epoch 3/2000; time elapsed: 18338.06 s
Training batch 120/160 for epoch 3/2000; time elapsed: 18485.43 s
Training batch 125/160 for epoch 3/2000; time elapsed: 18635.67 s
Training batch 130/160 for epoch 3/2000; time elapsed: 18785.45 s
Training batch 135/160 for epoch 3/2000; time elapsed: 18934.90 s
Training batch 140/160 for epoch 3/2000; time elapsed: 19084.19 s
Training batch 145/160 for epoch 3/2000; time elapsed: 19234.12 s
Training batch 150/160 for epoch 3/2000; time elapsed: 19383.62 s
Training batch 155/160 for epoch 3/2000; time elapsed: 19523.80 s
Epoch  3 Train Batch Loss:  0.417 ; Time elapsed:  19673.99
Training batch 0/160 for epoch 4/2000; time elapsed: 19673.99 s
Training batch 5/160 for epoch 4/2000; time elapsed: 19832.77 s
Training batch 10/160 for epoch 4/2000; time elapsed: 19990.21 s
Training batch 15/160 for epoch 4/2000; time elapsed: 20145.12 s
Training batch 20/160 for epoch 4/2000; time elapsed: 20301.21 s
Training batch 25/160 for epoch 4/2000; time elapsed: 20458.23 s
Training batch 30/160 for epoch 4/2000; time elapsed: 20614.48 s
Training batch 35/160 for epoch 4/2000; time elapsed: 20771.18 s
Training batch 40/160 for epoch 4/2000; time elapsed: 20928.45 s
Training batch 45/160 for epoch 4/2000; time elapsed: 21085.63 s
Training batch 50/160 for epoch 4/2000; time elapsed: 21237.42 s
Training batch 55/160 for epoch 4/2000; time elapsed: 21383.01 s
Training batch 60/160 for epoch 4/2000; time elapsed: 21527.52 s
Training batch 65/160 for epoch 4/2000; time elapsed: 21673.51 s
Training batch 70/160 for epoch 4/2000; time elapsed: 21819.27 s
Training batch 75/160 for epoch 4/2000; time elapsed: 21964.73 s
Training batch 80/160 for epoch 4/2000; time elapsed: 22105.78 s
Training batch 85/160 for epoch 4/2000; time elapsed: 22239.32 s
Training batch 90/160 for epoch 4/2000; time elapsed: 22377.48 s
Training batch 95/160 for epoch 4/2000; time elapsed: 22536.98 s
Training batch 100/160 for epoch 4/2000; time elapsed: 22695.19 s
Training batch 105/160 for epoch 4/2000; time elapsed: 22853.94 s
Training batch 110/160 for epoch 4/2000; time elapsed: 23013.43 s
Training batch 115/160 for epoch 4/2000; time elapsed: 23172.92 s
Training batch 120/160 for epoch 4/2000; time elapsed: 23332.25 s
Training batch 125/160 for epoch 4/2000; time elapsed: 23491.12 s
Training batch 130/160 for epoch 4/2000; time elapsed: 23649.72 s
Training batch 135/160 for epoch 4/2000; time elapsed: 23809.28 s
Training batch 140/160 for epoch 4/2000; time elapsed: 23967.24 s
Training batch 145/160 for epoch 4/2000; time elapsed: 24126.88 s
Training batch 150/160 for epoch 4/2000; time elapsed: 24286.65 s
Training batch 155/160 for epoch 4/2000; time elapsed: 24446.49 s
Epoch  4 Train Batch Loss:  0.363 ; Time elapsed:  24599.92
Training batch 0/160 for epoch 5/2000; time elapsed: 24599.92 s
Training batch 5/160 for epoch 5/2000; time elapsed: 24758.10 s
Training batch 10/160 for epoch 5/2000; time elapsed: 24912.65 s
Training batch 15/160 for epoch 5/2000; time elapsed: 25065.40 s
Training batch 20/160 for epoch 5/2000; time elapsed: 25219.05 s
Training batch 25/160 for epoch 5/2000; time elapsed: 25372.27 s
Training batch 30/160 for epoch 5/2000; time elapsed: 25525.29 s
Training batch 35/160 for epoch 5/2000; time elapsed: 25679.63 s
Training batch 40/160 for epoch 5/2000; time elapsed: 25833.06 s
Training batch 45/160 for epoch 5/2000; time elapsed: 25987.25 s
Training batch 50/160 for epoch 5/2000; time elapsed: 26140.99 s
Training batch 55/160 for epoch 5/2000; time elapsed: 26295.69 s
Training batch 60/160 for epoch 5/2000; time elapsed: 26449.83 s
Training batch 65/160 for epoch 5/2000; time elapsed: 26604.08 s
Training batch 70/160 for epoch 5/2000; time elapsed: 26761.88 s
Training batch 75/160 for epoch 5/2000; time elapsed: 26919.10 s
Training batch 80/160 for epoch 5/2000; time elapsed: 27076.91 s
Training batch 85/160 for epoch 5/2000; time elapsed: 27234.80 s
Training batch 90/160 for epoch 5/2000; time elapsed: 27392.12 s
Training batch 95/160 for epoch 5/2000; time elapsed: 27549.22 s
Training batch 100/160 for epoch 5/2000; time elapsed: 27707.30 s
Training batch 105/160 for epoch 5/2000; time elapsed: 27864.79 s
Training batch 110/160 for epoch 5/2000; time elapsed: 28022.29 s
Training batch 115/160 for epoch 5/2000; time elapsed: 28180.08 s
Training batch 120/160 for epoch 5/2000; time elapsed: 28337.65 s
Training batch 125/160 for epoch 5/2000; time elapsed: 28494.71 s
Training batch 130/160 for epoch 5/2000; time elapsed: 28654.54 s
Training batch 135/160 for epoch 5/2000; time elapsed: 28815.28 s
Training batch 140/160 for epoch 5/2000; time elapsed: 28975.95 s
Training batch 145/160 for epoch 5/2000; time elapsed: 29135.15 s
Training batch 150/160 for epoch 5/2000; time elapsed: 29295.35 s
Training batch 155/160 for epoch 5/2000; time elapsed: 29455.41 s
Epoch  5 Train Batch Loss:  0.328 Test Loss:  0.661 ; Time elapsed:  29702.63
Training batch 0/160 for epoch 6/2000; time elapsed: 29702.63 s
Training batch 5/160 for epoch 6/2000; time elapsed: 29856.38 s
Training batch 10/160 for epoch 6/2000; time elapsed: 30011.86 s
Training batch 15/160 for epoch 6/2000; time elapsed: 30170.99 s
Training batch 20/160 for epoch 6/2000; time elapsed: 30330.70 s
Training batch 25/160 for epoch 6/2000; time elapsed: 30489.81 s
Training batch 30/160 for epoch 6/2000; time elapsed: 30648.89 s
Training batch 35/160 for epoch 6/2000; time elapsed: 30808.21 s
Training batch 40/160 for epoch 6/2000; time elapsed: 30967.61 s
Training batch 45/160 for epoch 6/2000; time elapsed: 31125.66 s
Training batch 50/160 for epoch 6/2000; time elapsed: 31277.82 s
Training batch 55/160 for epoch 6/2000; time elapsed: 31427.89 s
Training batch 60/160 for epoch 6/2000; time elapsed: 31579.41 s
Training batch 65/160 for epoch 6/2000; time elapsed: 31738.12 s
Training batch 70/160 for epoch 6/2000; time elapsed: 31895.82 s
Training batch 75/160 for epoch 6/2000; time elapsed: 32053.74 s
Training batch 80/160 for epoch 6/2000; time elapsed: 32211.78 s
Training batch 85/160 for epoch 6/2000; time elapsed: 32370.36 s
Training batch 90/160 for epoch 6/2000; time elapsed: 32528.38 s
Training batch 95/160 for epoch 6/2000; time elapsed: 32685.25 s
Training batch 100/160 for epoch 6/2000; time elapsed: 32841.45 s
Training batch 105/160 for epoch 6/2000; time elapsed: 32997.47 s
Training batch 110/160 for epoch 6/2000; time elapsed: 33151.73 s
Training batch 115/160 for epoch 6/2000; time elapsed: 33305.68 s
Training batch 120/160 for epoch 6/2000; time elapsed: 33462.06 s
Training batch 125/160 for epoch 6/2000; time elapsed: 33619.43 s
Training batch 130/160 for epoch 6/2000; time elapsed: 33775.64 s
Training batch 135/160 for epoch 6/2000; time elapsed: 33933.40 s
Training batch 140/160 for epoch 6/2000; time elapsed: 34091.00 s
Training batch 145/160 for epoch 6/2000; time elapsed: 34249.06 s
Training batch 150/160 for epoch 6/2000; time elapsed: 34407.19 s
Training batch 155/160 for epoch 6/2000; time elapsed: 34564.90 s
Epoch  6 Train Batch Loss:  0.311 ; Time elapsed:  34722.69
Training batch 0/160 for epoch 7/2000; time elapsed: 34722.69 s
Training batch 5/160 for epoch 7/2000; time elapsed: 34882.99 s
Training batch 10/160 for epoch 7/2000; time elapsed: 35042.75 s
Training batch 15/160 for epoch 7/2000; time elapsed: 35203.19 s
Training batch 20/160 for epoch 7/2000; time elapsed: 35363.30 s
Training batch 25/160 for epoch 7/2000; time elapsed: 35523.32 s
Training batch 30/160 for epoch 7/2000; time elapsed: 35678.78 s
Training batch 35/160 for epoch 7/2000; time elapsed: 35826.89 s
Training batch 40/160 for epoch 7/2000; time elapsed: 35975.49 s
Training batch 45/160 for epoch 7/2000; time elapsed: 36126.29 s
Training batch 50/160 for epoch 7/2000; time elapsed: 36283.99 s
Training batch 55/160 for epoch 7/2000; time elapsed: 36443.02 s
Training batch 60/160 for epoch 7/2000; time elapsed: 36601.43 s
Training batch 65/160 for epoch 7/2000; time elapsed: 36760.30 s
Training batch 70/160 for epoch 7/2000; time elapsed: 36918.90 s
Training batch 75/160 for epoch 7/2000; time elapsed: 37076.89 s
Training batch 80/160 for epoch 7/2000; time elapsed: 37235.33 s
Training batch 85/160 for epoch 7/2000; time elapsed: 37394.20 s
Training batch 90/160 for epoch 7/2000; time elapsed: 37554.03 s
Training batch 95/160 for epoch 7/2000; time elapsed: 37713.71 s
Training batch 100/160 for epoch 7/2000; time elapsed: 37872.61 s
Training batch 105/160 for epoch 7/2000; time elapsed: 38031.28 s
Training batch 110/160 for epoch 7/2000; time elapsed: 38186.66 s
Training batch 115/160 for epoch 7/2000; time elapsed: 38343.77 s
Training batch 120/160 for epoch 7/2000; time elapsed: 38500.39 s
Training batch 125/160 for epoch 7/2000; time elapsed: 38657.05 s
Training batch 130/160 for epoch 7/2000; time elapsed: 38814.56 s
Training batch 135/160 for epoch 7/2000; time elapsed: 38971.00 s
Training batch 140/160 for epoch 7/2000; time elapsed: 39128.24 s
Training batch 145/160 for epoch 7/2000; time elapsed: 39282.62 s
Training batch 150/160 for epoch 7/2000; time elapsed: 39435.14 s
Training batch 155/160 for epoch 7/2000; time elapsed: 39593.62 s
Epoch  7 Train Batch Loss:  0.31 ; Time elapsed:  39751.96
Training batch 0/160 for epoch 8/2000; time elapsed: 39751.96 s
Training batch 5/160 for epoch 8/2000; time elapsed: 39911.32 s
Training batch 10/160 for epoch 8/2000; time elapsed: 40071.15 s
Training batch 15/160 for epoch 8/2000; time elapsed: 40231.25 s
Training batch 20/160 for epoch 8/2000; time elapsed: 40391.72 s
Training batch 25/160 for epoch 8/2000; time elapsed: 40551.75 s
Training batch 30/160 for epoch 8/2000; time elapsed: 40712.15 s
Training batch 35/160 for epoch 8/2000; time elapsed: 40871.55 s
Training batch 40/160 for epoch 8/2000; time elapsed: 41031.45 s
Training batch 45/160 for epoch 8/2000; time elapsed: 41184.66 s
Training batch 50/160 for epoch 8/2000; time elapsed: 41336.60 s
Training batch 55/160 for epoch 8/2000; time elapsed: 41487.63 s
Training batch 60/160 for epoch 8/2000; time elapsed: 41635.23 s
Training batch 65/160 for epoch 8/2000; time elapsed: 41789.94 s
Training batch 70/160 for epoch 8/2000; time elapsed: 41947.91 s
Training batch 75/160 for epoch 8/2000; time elapsed: 42106.23 s
Training batch 80/160 for epoch 8/2000; time elapsed: 42264.93 s
Training batch 85/160 for epoch 8/2000; time elapsed: 42422.56 s
Training batch 90/160 for epoch 8/2000; time elapsed: 42580.17 s
Training batch 95/160 for epoch 8/2000; time elapsed: 42737.74 s
Training batch 100/160 for epoch 8/2000; time elapsed: 42895.51 s
Training batch 105/160 for epoch 8/2000; time elapsed: 43053.17 s
Training batch 110/160 for epoch 8/2000; time elapsed: 43210.79 s
Training batch 115/160 for epoch 8/2000; time elapsed: 43367.71 s
Training batch 120/160 for epoch 8/2000; time elapsed: 43525.08 s
Training batch 125/160 for epoch 8/2000; time elapsed: 43679.29 s
Training batch 130/160 for epoch 8/2000; time elapsed: 43832.87 s
Training batch 135/160 for epoch 8/2000; time elapsed: 43986.46 s
Training batch 140/160 for epoch 8/2000; time elapsed: 44139.78 s
Training batch 145/160 for epoch 8/2000; time elapsed: 44292.69 s
Training batch 150/160 for epoch 8/2000; time elapsed: 44444.74 s
Training batch 155/160 for epoch 8/2000; time elapsed: 44596.07 s
Epoch  8 Train Batch Loss:  0.304 ; Time elapsed:  44747.04
Training batch 0/160 for epoch 9/2000; time elapsed: 44747.04 s
Training batch 5/160 for epoch 9/2000; time elapsed: 44900.46 s
Training batch 10/160 for epoch 9/2000; time elapsed: 45058.66 s
Training batch 15/160 for epoch 9/2000; time elapsed: 45217.32 s
Training batch 20/160 for epoch 9/2000; time elapsed: 45376.16 s
Training batch 25/160 for epoch 9/2000; time elapsed: 45535.18 s
Training batch 30/160 for epoch 9/2000; time elapsed: 45693.46 s
Training batch 35/160 for epoch 9/2000; time elapsed: 45852.54 s
Training batch 40/160 for epoch 9/2000; time elapsed: 46007.31 s
Training batch 45/160 for epoch 9/2000; time elapsed: 46161.90 s
Training batch 50/160 for epoch 9/2000; time elapsed: 46305.23 s
Training batch 55/160 for epoch 9/2000; time elapsed: 46449.51 s
Training batch 60/160 for epoch 9/2000; time elapsed: 46595.61 s
Training batch 65/160 for epoch 9/2000; time elapsed: 46751.50 s
Training batch 70/160 for epoch 9/2000; time elapsed: 46907.28 s
Training batch 75/160 for epoch 9/2000; time elapsed: 47063.95 s
Training batch 80/160 for epoch 9/2000; time elapsed: 47219.75 s
Training batch 85/160 for epoch 9/2000; time elapsed: 47374.87 s
Training batch 90/160 for epoch 9/2000; time elapsed: 47531.21 s
Training batch 95/160 for epoch 9/2000; time elapsed: 47675.31 s
Training batch 100/160 for epoch 9/2000; time elapsed: 47820.18 s
Training batch 105/160 for epoch 9/2000; time elapsed: 47965.82 s
Training batch 110/160 for epoch 9/2000; time elapsed: 48111.67 s
Training batch 115/160 for epoch 9/2000; time elapsed: 48260.01 s
Training batch 120/160 for epoch 9/2000; time elapsed: 48410.37 s
Training batch 125/160 for epoch 9/2000; time elapsed: 48560.65 s
Training batch 130/160 for epoch 9/2000; time elapsed: 48710.26 s
Training batch 135/160 for epoch 9/2000; time elapsed: 48863.78 s
Training batch 140/160 for epoch 9/2000; time elapsed: 49019.13 s
Training batch 145/160 for epoch 9/2000; time elapsed: 49174.43 s
Training batch 150/160 for epoch 9/2000; time elapsed: 49329.89 s
Training batch 155/160 for epoch 9/2000; time elapsed: 49484.04 s
Epoch  9 Train Batch Loss:  0.313 ; Time elapsed:  49638.63
Training batch 0/160 for epoch 10/2000; time elapsed: 49638.63 s
Training batch 5/160 for epoch 10/2000; time elapsed: 49794.22 s
Training batch 10/160 for epoch 10/2000; time elapsed: 49952.69 s
Training batch 15/160 for epoch 10/2000; time elapsed: 50111.92 s
Training batch 20/160 for epoch 10/2000; time elapsed: 50272.04 s
Training batch 25/160 for epoch 10/2000; time elapsed: 50432.12 s
Training batch 30/160 for epoch 10/2000; time elapsed: 50592.61 s
Training batch 35/160 for epoch 10/2000; time elapsed: 50752.68 s
Training batch 40/160 for epoch 10/2000; time elapsed: 50911.86 s
Training batch 45/160 for epoch 10/2000; time elapsed: 51069.92 s
Training batch 50/160 for epoch 10/2000; time elapsed: 51227.78 s
Training batch 55/160 for epoch 10/2000; time elapsed: 51378.70 s
Training batch 60/160 for epoch 10/2000; time elapsed: 51529.66 s
Training batch 65/160 for epoch 10/2000; time elapsed: 51681.94 s
Training batch 70/160 for epoch 10/2000; time elapsed: 51826.67 s
Training batch 75/160 for epoch 10/2000; time elapsed: 51963.13 s
Training batch 80/160 for epoch 10/2000; time elapsed: 52108.06 s
Training batch 85/160 for epoch 10/2000; time elapsed: 52262.41 s
Training batch 90/160 for epoch 10/2000; time elapsed: 52417.86 s
Training batch 95/160 for epoch 10/2000; time elapsed: 52573.81 s
Training batch 100/160 for epoch 10/2000; time elapsed: 52728.37 s
Training batch 105/160 for epoch 10/2000; time elapsed: 52883.94 s
Training batch 110/160 for epoch 10/2000; time elapsed: 53038.75 s
Training batch 115/160 for epoch 10/2000; time elapsed: 53196.31 s
Training batch 120/160 for epoch 10/2000; time elapsed: 53355.11 s
Training batch 125/160 for epoch 10/2000; time elapsed: 53514.51 s
Training batch 130/160 for epoch 10/2000; time elapsed: 53673.90 s
Training batch 135/160 for epoch 10/2000; time elapsed: 53834.03 s
Training batch 140/160 for epoch 10/2000; time elapsed: 53993.74 s
Training batch 145/160 for epoch 10/2000; time elapsed: 54151.42 s
Training batch 150/160 for epoch 10/2000; time elapsed: 54307.60 s
Training batch 155/160 for epoch 10/2000; time elapsed: 54463.08 s
Epoch  10 Train Batch Loss:  0.308 Test Loss:  0.643 ; Time elapsed:  54705.78
Training batch 0/160 for epoch 11/2000; time elapsed: 54705.78 s
Training batch 5/160 for epoch 11/2000; time elapsed: 54839.13 s
Training batch 10/160 for epoch 11/2000; time elapsed: 54980.79 s
Training batch 15/160 for epoch 11/2000; time elapsed: 55136.23 s
Training batch 20/160 for epoch 11/2000; time elapsed: 55291.33 s
Training batch 25/160 for epoch 11/2000; time elapsed: 55448.26 s
Training batch 30/160 for epoch 11/2000; time elapsed: 55605.20 s
Training batch 35/160 for epoch 11/2000; time elapsed: 55762.15 s
Training batch 40/160 for epoch 11/2000; time elapsed: 55919.38 s
Training batch 45/160 for epoch 11/2000; time elapsed: 56062.09 s
Training batch 50/160 for epoch 11/2000; time elapsed: 56206.76 s
Training batch 55/160 for epoch 11/2000; time elapsed: 56356.87 s
Training batch 60/160 for epoch 11/2000; time elapsed: 56513.33 s
Training batch 65/160 for epoch 11/2000; time elapsed: 56667.78 s
Training batch 70/160 for epoch 11/2000; time elapsed: 56823.00 s
Training batch 75/160 for epoch 11/2000; time elapsed: 56979.27 s
Training batch 80/160 for epoch 11/2000; time elapsed: 57135.50 s
Training batch 85/160 for epoch 11/2000; time elapsed: 57292.28 s
Training batch 90/160 for epoch 11/2000; time elapsed: 57449.56 s
Training batch 95/160 for epoch 11/2000; time elapsed: 57607.18 s
Training batch 100/160 for epoch 11/2000; time elapsed: 57765.02 s
Training batch 105/160 for epoch 11/2000; time elapsed: 57922.89 s
Training batch 110/160 for epoch 11/2000; time elapsed: 58073.14 s
Training batch 115/160 for epoch 11/2000; time elapsed: 58223.15 s
Training batch 120/160 for epoch 11/2000; time elapsed: 58374.15 s
Training batch 125/160 for epoch 11/2000; time elapsed: 58525.68 s
Training batch 130/160 for epoch 11/2000; time elapsed: 58683.40 s
Training batch 135/160 for epoch 11/2000; time elapsed: 58843.25 s
Training batch 140/160 for epoch 11/2000; time elapsed: 59003.47 s
Training batch 145/160 for epoch 11/2000; time elapsed: 59163.58 s
Training batch 150/160 for epoch 11/2000; time elapsed: 59323.66 s
Training batch 155/160 for epoch 11/2000; time elapsed: 59484.11 s
Epoch  11 Train Batch Loss:  0.307 ; Time elapsed:  59644.19
Training batch 0/160 for epoch 12/2000; time elapsed: 59644.19 s
Training batch 5/160 for epoch 12/2000; time elapsed: 59790.75 s
Training batch 10/160 for epoch 12/2000; time elapsed: 59928.65 s
Training batch 15/160 for epoch 12/2000; time elapsed: 60072.19 s
Training batch 20/160 for epoch 12/2000; time elapsed: 60218.31 s
Training batch 25/160 for epoch 12/2000; time elapsed: 60364.77 s
Training batch 30/160 for epoch 12/2000; time elapsed: 60511.86 s
Training batch 35/160 for epoch 12/2000; time elapsed: 60661.27 s
Training batch 40/160 for epoch 12/2000; time elapsed: 60819.75 s
Training batch 45/160 for epoch 12/2000; time elapsed: 60977.79 s
Training batch 50/160 for epoch 12/2000; time elapsed: 61135.86 s
Training batch 55/160 for epoch 12/2000; time elapsed: 61294.32 s
Training batch 60/160 for epoch 12/2000; time elapsed: 61452.50 s
Training batch 65/160 for epoch 12/2000; time elapsed: 61609.93 s
Training batch 70/160 for epoch 12/2000; time elapsed: 61763.97 s
Training batch 75/160 for epoch 12/2000; time elapsed: 61918.99 s
Training batch 80/160 for epoch 12/2000; time elapsed: 62071.97 s
Training batch 85/160 for epoch 12/2000; time elapsed: 62225.78 s
Training batch 90/160 for epoch 12/2000; time elapsed: 62375.18 s
Training batch 95/160 for epoch 12/2000; time elapsed: 62525.40 s
Training batch 100/160 for epoch 12/2000; time elapsed: 62676.54 s
Training batch 105/160 for epoch 12/2000; time elapsed: 62828.15 s
Training batch 110/160 for epoch 12/2000; time elapsed: 62985.14 s
Training batch 115/160 for epoch 12/2000; time elapsed: 63141.06 s
Training batch 120/160 for epoch 12/2000; time elapsed: 63297.67 s
Training batch 125/160 for epoch 12/2000; time elapsed: 63454.82 s
Training batch 130/160 for epoch 12/2000; time elapsed: 63613.63 s
Training batch 135/160 for epoch 12/2000; time elapsed: 63772.22 s
Training batch 140/160 for epoch 12/2000; time elapsed: 63931.30 s
Training batch 145/160 for epoch 12/2000; time elapsed: 64089.99 s
Training batch 150/160 for epoch 12/2000; time elapsed: 64249.39 s
Training batch 155/160 for epoch 12/2000; time elapsed: 64408.36 s
Epoch  12 Train Batch Loss:  0.301 ; Time elapsed:  64567.26
Training batch 0/160 for epoch 13/2000; time elapsed: 64567.26 s
Training batch 5/160 for epoch 13/2000; time elapsed: 64722.37 s
Training batch 10/160 for epoch 13/2000; time elapsed: 64883.30 s
Training batch 15/160 for epoch 13/2000; time elapsed: 65043.45 s
Training batch 20/160 for epoch 13/2000; time elapsed: 65204.32 s
Training batch 25/160 for epoch 13/2000; time elapsed: 65364.60 s
Training batch 30/160 for epoch 13/2000; time elapsed: 65524.62 s
Training batch 35/160 for epoch 13/2000; time elapsed: 65682.28 s
Training batch 40/160 for epoch 13/2000; time elapsed: 65837.79 s
Training batch 45/160 for epoch 13/2000; time elapsed: 65996.96 s
Training batch 50/160 for epoch 13/2000; time elapsed: 66156.45 s
Training batch 55/160 for epoch 13/2000; time elapsed: 66315.41 s
Training batch 60/160 for epoch 13/2000; time elapsed: 66475.08 s
Training batch 65/160 for epoch 13/2000; time elapsed: 66634.27 s
Training batch 70/160 for epoch 13/2000; time elapsed: 66793.24 s
Training batch 75/160 for epoch 13/2000; time elapsed: 66951.90 s
Training batch 80/160 for epoch 13/2000; time elapsed: 67095.60 s
Training batch 85/160 for epoch 13/2000; time elapsed: 67232.57 s
Training batch 90/160 for epoch 13/2000; time elapsed: 67369.88 s
Training batch 95/160 for epoch 13/2000; time elapsed: 67507.31 s
Training batch 100/160 for epoch 13/2000; time elapsed: 67644.63 s
Training batch 105/160 for epoch 13/2000; time elapsed: 67782.39 s
Training batch 110/160 for epoch 13/2000; time elapsed: 67925.64 s
Training batch 115/160 for epoch 13/2000; time elapsed: 68072.82 s
Training batch 120/160 for epoch 13/2000; time elapsed: 68220.17 s
Training batch 125/160 for epoch 13/2000; time elapsed: 68368.28 s
Training batch 130/160 for epoch 13/2000; time elapsed: 68517.12 s
Training batch 135/160 for epoch 13/2000; time elapsed: 68665.93 s
Training batch 140/160 for epoch 13/2000; time elapsed: 68815.02 s
Training batch 145/160 for epoch 13/2000; time elapsed: 68966.81 s
Training batch 150/160 for epoch 13/2000; time elapsed: 69121.22 s
Training batch 155/160 for epoch 13/2000; time elapsed: 69275.37 s
Epoch  13 Train Batch Loss:  0.31 ; Time elapsed:  69429.91
Training batch 0/160 for epoch 14/2000; time elapsed: 69429.91 s
Training batch 5/160 for epoch 14/2000; time elapsed: 69568.30 s
Training batch 10/160 for epoch 14/2000; time elapsed: 69706.12 s
Training batch 15/160 for epoch 14/2000; time elapsed: 69847.92 s
Training batch 20/160 for epoch 14/2000; time elapsed: 69995.27 s
Training batch 25/160 for epoch 14/2000; time elapsed: 70143.47 s
Training batch 30/160 for epoch 14/2000; time elapsed: 70297.33 s
Training batch 35/160 for epoch 14/2000; time elapsed: 70454.66 s
Training batch 40/160 for epoch 14/2000; time elapsed: 70611.80 s
Training batch 45/160 for epoch 14/2000; time elapsed: 70769.30 s
Training batch 50/160 for epoch 14/2000; time elapsed: 70926.64 s
Training batch 55/160 for epoch 14/2000; time elapsed: 71084.45 s
Training batch 60/160 for epoch 14/2000; time elapsed: 71241.88 s
Training batch 65/160 for epoch 14/2000; time elapsed: 71401.27 s
Training batch 70/160 for epoch 14/2000; time elapsed: 71561.01 s
Training batch 75/160 for epoch 14/2000; time elapsed: 71720.41 s
Training batch 80/160 for epoch 14/2000; time elapsed: 71881.22 s
Training batch 85/160 for epoch 14/2000; time elapsed: 72041.71 s
Training batch 90/160 for epoch 14/2000; time elapsed: 72201.97 s
Training batch 95/160 for epoch 14/2000; time elapsed: 72358.74 s
Training batch 100/160 for epoch 14/2000; time elapsed: 72512.67 s
Training batch 105/160 for epoch 14/2000; time elapsed: 72670.90 s
Training batch 110/160 for epoch 14/2000; time elapsed: 72828.03 s
Training batch 115/160 for epoch 14/2000; time elapsed: 72984.30 s
Training batch 120/160 for epoch 14/2000; time elapsed: 73140.60 s
Training batch 125/160 for epoch 14/2000; time elapsed: 73297.53 s
Training batch 130/160 for epoch 14/2000; time elapsed: 73455.81 s
Training batch 135/160 for epoch 14/2000; time elapsed: 73606.69 s
Training batch 140/160 for epoch 14/2000; time elapsed: 73762.12 s
Training batch 145/160 for epoch 14/2000; time elapsed: 73922.09 s
Training batch 150/160 for epoch 14/2000; time elapsed: 74081.28 s
Training batch 155/160 for epoch 14/2000; time elapsed: 74240.22 s
Epoch  14 Train Batch Loss:  0.305 ; Time elapsed:  74399.06
Training batch 0/160 for epoch 15/2000; time elapsed: 74399.06 s
Training batch 5/160 for epoch 15/2000; time elapsed: 74553.71 s
Training batch 10/160 for epoch 15/2000; time elapsed: 74710.39 s
Training batch 15/160 for epoch 15/2000; time elapsed: 74867.34 s
Training batch 20/160 for epoch 15/2000; time elapsed: 75026.01 s
Training batch 25/160 for epoch 15/2000; time elapsed: 75181.77 s
Training batch 30/160 for epoch 15/2000; time elapsed: 75337.59 s
Training batch 35/160 for epoch 15/2000; time elapsed: 75493.20 s
Training batch 40/160 for epoch 15/2000; time elapsed: 75648.93 s
Training batch 45/160 for epoch 15/2000; time elapsed: 75805.93 s
Training batch 50/160 for epoch 15/2000; time elapsed: 75963.23 s
Training batch 55/160 for epoch 15/2000; time elapsed: 76120.53 s
Training batch 60/160 for epoch 15/2000; time elapsed: 76277.24 s
Training batch 65/160 for epoch 15/2000; time elapsed: 76434.92 s
Training batch 70/160 for epoch 15/2000; time elapsed: 76592.52 s
Training batch 75/160 for epoch 15/2000; time elapsed: 76751.86 s
Training batch 80/160 for epoch 15/2000; time elapsed: 76910.82 s
Training batch 85/160 for epoch 15/2000; time elapsed: 77070.17 s
Training batch 90/160 for epoch 15/2000; time elapsed: 77230.34 s
Training batch 95/160 for epoch 15/2000; time elapsed: 77389.49 s
Training batch 100/160 for epoch 15/2000; time elapsed: 77545.04 s
Training batch 105/160 for epoch 15/2000; time elapsed: 77700.32 s
Training batch 110/160 for epoch 15/2000; time elapsed: 77855.36 s
Training batch 115/160 for epoch 15/2000; time elapsed: 78010.26 s
Training batch 120/160 for epoch 15/2000; time elapsed: 78164.82 s
Training batch 125/160 for epoch 15/2000; time elapsed: 78310.24 s
Training batch 130/160 for epoch 15/2000; time elapsed: 78454.55 s
Training batch 135/160 for epoch 15/2000; time elapsed: 78591.39 s
Training batch 140/160 for epoch 15/2000; time elapsed: 78727.54 s
Training batch 145/160 for epoch 15/2000; time elapsed: 78876.40 s
Training batch 150/160 for epoch 15/2000; time elapsed: 79034.27 s
Training batch 155/160 for epoch 15/2000; time elapsed: 79192.80 s
Epoch  15 Train Batch Loss:  0.316 Test Loss:  0.646 ; Time elapsed:  79437.52
Training batch 0/160 for epoch 16/2000; time elapsed: 79437.52 s
Training batch 5/160 for epoch 16/2000; time elapsed: 79580.71 s
Training batch 10/160 for epoch 16/2000; time elapsed: 79737.00 s
Training batch 15/160 for epoch 16/2000; time elapsed: 79892.93 s
Training batch 20/160 for epoch 16/2000; time elapsed: 80047.67 s
Training batch 25/160 for epoch 16/2000; time elapsed: 80203.92 s
Training batch 30/160 for epoch 16/2000; time elapsed: 80361.45 s
Training batch 35/160 for epoch 16/2000; time elapsed: 80518.16 s
Training batch 40/160 for epoch 16/2000; time elapsed: 80675.61 s
Training batch 45/160 for epoch 16/2000; time elapsed: 80832.55 s
Training batch 50/160 for epoch 16/2000; time elapsed: 80988.96 s
Training batch 55/160 for epoch 16/2000; time elapsed: 81145.01 s
Training batch 60/160 for epoch 16/2000; time elapsed: 81301.19 s
Training batch 65/160 for epoch 16/2000; time elapsed: 81458.25 s
Training batch 70/160 for epoch 16/2000; time elapsed: 81606.76 s
Training batch 75/160 for epoch 16/2000; time elapsed: 81750.24 s
Training batch 80/160 for epoch 16/2000; time elapsed: 81892.76 s
Training batch 85/160 for epoch 16/2000; time elapsed: 82042.41 s
Training batch 90/160 for epoch 16/2000; time elapsed: 82197.28 s
Training batch 95/160 for epoch 16/2000; time elapsed: 82352.34 s
Training batch 100/160 for epoch 16/2000; time elapsed: 82507.37 s
Training batch 105/160 for epoch 16/2000; time elapsed: 82662.42 s
Training batch 110/160 for epoch 16/2000; time elapsed: 82818.08 s
Training batch 115/160 for epoch 16/2000; time elapsed: 82971.01 s
Training batch 120/160 for epoch 16/2000; time elapsed: 83116.07 s
Training batch 125/160 for epoch 16/2000; time elapsed: 83275.22 s
Training batch 130/160 for epoch 16/2000; time elapsed: 83434.20 s
Training batch 135/160 for epoch 16/2000; time elapsed: 83593.67 s
Training batch 140/160 for epoch 16/2000; time elapsed: 83752.99 s
Training batch 145/160 for epoch 16/2000; time elapsed: 83912.26 s
Training batch 150/160 for epoch 16/2000; time elapsed: 84071.98 s
Training batch 155/160 for epoch 16/2000; time elapsed: 84226.77 s
Epoch  16 Train Batch Loss:  0.308 ; Time elapsed:  84379.09
Training batch 0/160 for epoch 17/2000; time elapsed: 84379.09 s
Training batch 5/160 for epoch 17/2000; time elapsed: 84533.33 s
Training batch 10/160 for epoch 17/2000; time elapsed: 84684.19 s
Training batch 15/160 for epoch 17/2000; time elapsed: 84835.34 s
Training batch 20/160 for epoch 17/2000; time elapsed: 84978.15 s
Training batch 25/160 for epoch 17/2000; time elapsed: 85097.10 s
Training batch 30/160 for epoch 17/2000; time elapsed: 85215.03 s
Training batch 35/160 for epoch 17/2000; time elapsed: 85336.04 s
Training batch 40/160 for epoch 17/2000; time elapsed: 85494.46 s
Training batch 45/160 for epoch 17/2000; time elapsed: 85653.05 s
Training batch 50/160 for epoch 17/2000; time elapsed: 85811.34 s
Training batch 55/160 for epoch 17/2000; time elapsed: 85969.88 s
Training batch 60/160 for epoch 17/2000; time elapsed: 86128.85 s
Training batch 65/160 for epoch 17/2000; time elapsed: 86288.49 s
Training batch 70/160 for epoch 17/2000; time elapsed: 86449.14 s
Training batch 75/160 for epoch 17/2000; time elapsed: 86608.88 s
Training batch 80/160 for epoch 17/2000; time elapsed: 86769.22 s
Training batch 85/160 for epoch 17/2000; time elapsed: 86929.66 s
Training batch 90/160 for epoch 17/2000; time elapsed: 87090.12 s
Training batch 95/160 for epoch 17/2000; time elapsed: 87245.58 s
Training batch 100/160 for epoch 17/2000; time elapsed: 87381.19 s
Training batch 105/160 for epoch 17/2000; time elapsed: 87516.76 s
Training batch 110/160 for epoch 17/2000; time elapsed: 87652.30 s
Training batch 115/160 for epoch 17/2000; time elapsed: 87790.44 s
Training batch 120/160 for epoch 17/2000; time elapsed: 87931.90 s
Training batch 125/160 for epoch 17/2000; time elapsed: 88074.84 s
Training batch 130/160 for epoch 17/2000; time elapsed: 88221.42 s
Training batch 135/160 for epoch 17/2000; time elapsed: 88371.17 s
Training batch 140/160 for epoch 17/2000; time elapsed: 88520.60 s
Training batch 145/160 for epoch 17/2000; time elapsed: 88669.39 s
Training batch 150/160 for epoch 17/2000; time elapsed: 88818.22 s
Training batch 155/160 for epoch 17/2000; time elapsed: 88967.40 s
Epoch  17 Train Batch Loss:  0.311 ; Time elapsed:  89115.17
Training batch 0/160 for epoch 18/2000; time elapsed: 89115.17 s
Training batch 5/160 for epoch 18/2000; time elapsed: 89265.39 s
Training batch 10/160 for epoch 18/2000; time elapsed: 89416.28 s
Training batch 15/160 for epoch 18/2000; time elapsed: 89567.31 s
Training batch 20/160 for epoch 18/2000; time elapsed: 89707.83 s
Training batch 25/160 for epoch 18/2000; time elapsed: 89867.17 s
Training batch 30/160 for epoch 18/2000; time elapsed: 90026.85 s
Training batch 35/160 for epoch 18/2000; time elapsed: 90186.33 s
Training batch 40/160 for epoch 18/2000; time elapsed: 90346.13 s
Training batch 45/160 for epoch 18/2000; time elapsed: 90504.29 s
Training batch 50/160 for epoch 18/2000; time elapsed: 90663.54 s
Training batch 55/160 for epoch 18/2000; time elapsed: 90821.63 s
Training batch 60/160 for epoch 18/2000; time elapsed: 90973.63 s
Training batch 65/160 for epoch 18/2000; time elapsed: 91126.26 s
Training batch 70/160 for epoch 18/2000; time elapsed: 91278.96 s
Training batch 75/160 for epoch 18/2000; time elapsed: 91431.57 s
Training batch 80/160 for epoch 18/2000; time elapsed: 91584.37 s
Training batch 85/160 for epoch 18/2000; time elapsed: 91737.24 s
Training batch 90/160 for epoch 18/2000; time elapsed: 91879.22 s
Training batch 95/160 for epoch 18/2000; time elapsed: 92028.01 s
Training batch 100/160 for epoch 18/2000; time elapsed: 92188.04 s
Training batch 105/160 for epoch 18/2000; time elapsed: 92348.45 s
Training batch 110/160 for epoch 18/2000; time elapsed: 92508.91 s
Training batch 115/160 for epoch 18/2000; time elapsed: 92669.12 s
Training batch 120/160 for epoch 18/2000; time elapsed: 92829.96 s
Training batch 125/160 for epoch 18/2000; time elapsed: 92991.01 s
Training batch 130/160 for epoch 18/2000; time elapsed: 93137.94 s
Training batch 135/160 for epoch 18/2000; time elapsed: 93284.89 s
Training batch 140/160 for epoch 18/2000; time elapsed: 93429.55 s
Training batch 145/160 for epoch 18/2000; time elapsed: 93574.85 s
Training batch 150/160 for epoch 18/2000; time elapsed: 93732.01 s
Training batch 155/160 for epoch 18/2000; time elapsed: 93889.09 s
Epoch  18 Train Batch Loss:  0.314 ; Time elapsed:  94046.32
Training batch 0/160 for epoch 19/2000; time elapsed: 94046.32 s
Training batch 5/160 for epoch 19/2000; time elapsed: 94202.84 s
Training batch 10/160 for epoch 19/2000; time elapsed: 94361.63 s
Training batch 15/160 for epoch 19/2000; time elapsed: 94518.99 s
Training batch 20/160 for epoch 19/2000; time elapsed: 94675.75 s
Training batch 25/160 for epoch 19/2000; time elapsed: 94833.28 s
Training batch 30/160 for epoch 19/2000; time elapsed: 94990.13 s
Training batch 35/160 for epoch 19/2000; time elapsed: 95147.68 s
Training batch 40/160 for epoch 19/2000; time elapsed: 95300.34 s
Training batch 45/160 for epoch 19/2000; time elapsed: 95455.23 s
Training batch 50/160 for epoch 19/2000; time elapsed: 95609.60 s
Training batch 55/160 for epoch 19/2000; time elapsed: 95763.84 s
Training batch 60/160 for epoch 19/2000; time elapsed: 95922.37 s
Training batch 65/160 for epoch 19/2000; time elapsed: 96080.56 s
Training batch 70/160 for epoch 19/2000; time elapsed: 96239.12 s
Training batch 75/160 for epoch 19/2000; time elapsed: 96398.01 s
Training batch 80/160 for epoch 19/2000; time elapsed: 96556.56 s
Training batch 85/160 for epoch 19/2000; time elapsed: 96714.08 s
Training batch 90/160 for epoch 19/2000; time elapsed: 96871.13 s
Training batch 95/160 for epoch 19/2000; time elapsed: 97029.66 s
Training batch 100/160 for epoch 19/2000; time elapsed: 97189.50 s
Training batch 105/160 for epoch 19/2000; time elapsed: 97349.17 s
Training batch 110/160 for epoch 19/2000; time elapsed: 97508.71 s
Training batch 115/160 for epoch 19/2000; time elapsed: 97667.34 s
Training batch 120/160 for epoch 19/2000; time elapsed: 97825.89 s
Training batch 125/160 for epoch 19/2000; time elapsed: 97983.92 s
Training batch 130/160 for epoch 19/2000; time elapsed: 98140.68 s
Training batch 135/160 for epoch 19/2000; time elapsed: 98297.64 s
Training batch 140/160 for epoch 19/2000; time elapsed: 98453.25 s
Training batch 145/160 for epoch 19/2000; time elapsed: 98608.54 s
Training batch 150/160 for epoch 19/2000; time elapsed: 98763.97 s
Training batch 155/160 for epoch 19/2000; time elapsed: 98920.00 s
Epoch  19 Train Batch Loss:  0.312 ; Time elapsed:  99074.63
Training batch 0/160 for epoch 20/2000; time elapsed: 99074.63 s
Training batch 5/160 for epoch 20/2000; time elapsed: 99234.15 s
Training batch 10/160 for epoch 20/2000; time elapsed: 99392.86 s
Training batch 15/160 for epoch 20/2000; time elapsed: 99547.85 s
Training batch 20/160 for epoch 20/2000; time elapsed: 99702.47 s
Training batch 25/160 for epoch 20/2000; time elapsed: 99856.34 s
Training batch 30/160 for epoch 20/2000; time elapsed: 100010.01 s
Training batch 35/160 for epoch 20/2000; time elapsed: 100164.11 s
Training batch 40/160 for epoch 20/2000; time elapsed: 100316.60 s
Training batch 45/160 for epoch 20/2000; time elapsed: 100473.47 s
Training batch 50/160 for epoch 20/2000; time elapsed: 100631.70 s
Training batch 55/160 for epoch 20/2000; time elapsed: 100788.75 s
Training batch 60/160 for epoch 20/2000; time elapsed: 100945.72 s
Training batch 65/160 for epoch 20/2000; time elapsed: 101103.84 s
Training batch 70/160 for epoch 20/2000; time elapsed: 101260.93 s
Training batch 75/160 for epoch 20/2000; time elapsed: 101416.84 s
Training batch 80/160 for epoch 20/2000; time elapsed: 101571.52 s
Training batch 85/160 for epoch 20/2000; time elapsed: 101725.72 s
Training batch 90/160 for epoch 20/2000; time elapsed: 101881.15 s
Training batch 95/160 for epoch 20/2000; time elapsed: 102021.89 s
Training batch 100/160 for epoch 20/2000; time elapsed: 102166.96 s
Training batch 105/160 for epoch 20/2000; time elapsed: 102323.34 s
Training batch 110/160 for epoch 20/2000; time elapsed: 102479.91 s
Training batch 115/160 for epoch 20/2000; time elapsed: 102638.92 s
Training batch 120/160 for epoch 20/2000; time elapsed: 102799.70 s
Training batch 125/160 for epoch 20/2000; time elapsed: 102959.51 s
Training batch 130/160 for epoch 20/2000; time elapsed: 103119.67 s
Training batch 135/160 for epoch 20/2000; time elapsed: 103280.86 s
Training batch 140/160 for epoch 20/2000; time elapsed: 103442.21 s
Training batch 145/160 for epoch 20/2000; time elapsed: 103590.42 s
Training batch 150/160 for epoch 20/2000; time elapsed: 103735.84 s
Training batch 155/160 for epoch 20/2000; time elapsed: 103893.33 s
Epoch  20 Train Batch Loss:  0.314 Test Loss:  0.647 ; Time elapsed:  104136.85
Training batch 0/160 for epoch 21/2000; time elapsed: 104136.85 s
Training batch 5/160 for epoch 21/2000; time elapsed: 104285.54 s
Training batch 10/160 for epoch 21/2000; time elapsed: 104433.99 s
Training batch 15/160 for epoch 21/2000; time elapsed: 104583.00 s
Training batch 20/160 for epoch 21/2000; time elapsed: 104731.74 s
Training batch 25/160 for epoch 21/2000; time elapsed: 104879.12 s
Training batch 30/160 for epoch 21/2000; time elapsed: 105033.98 s
Training batch 35/160 for epoch 21/2000; time elapsed: 105193.22 s
Training batch 40/160 for epoch 21/2000; time elapsed: 105353.34 s
Training batch 45/160 for epoch 21/2000; time elapsed: 105513.83 s
Training batch 50/160 for epoch 21/2000; time elapsed: 105673.20 s
Training batch 55/160 for epoch 21/2000; time elapsed: 105833.45 s
Training batch 60/160 for epoch 21/2000; time elapsed: 105993.18 s
Training batch 65/160 for epoch 21/2000; time elapsed: 106144.22 s
Training batch 70/160 for epoch 21/2000; time elapsed: 106292.81 s
Training batch 75/160 for epoch 21/2000; time elapsed: 106440.77 s
Training batch 80/160 for epoch 21/2000; time elapsed: 106588.07 s
Training batch 85/160 for epoch 21/2000; time elapsed: 106737.69 s
Training batch 90/160 for epoch 21/2000; time elapsed: 106891.58 s
Training batch 95/160 for epoch 21/2000; time elapsed: 107046.56 s
Training batch 100/160 for epoch 21/2000; time elapsed: 107203.47 s
Training batch 105/160 for epoch 21/2000; time elapsed: 107360.01 s
Training batch 110/160 for epoch 21/2000; time elapsed: 107518.92 s
Training batch 115/160 for epoch 21/2000; time elapsed: 107677.70 s
Training batch 120/160 for epoch 21/2000; time elapsed: 107836.29 s
Training batch 125/160 for epoch 21/2000; time elapsed: 107995.41 s
Training batch 130/160 for epoch 21/2000; time elapsed: 108153.35 s
Training batch 135/160 for epoch 21/2000; time elapsed: 108310.30 s
Training batch 140/160 for epoch 21/2000; time elapsed: 108469.04 s
Training batch 145/160 for epoch 21/2000; time elapsed: 108626.77 s
Training batch 150/160 for epoch 21/2000; time elapsed: 108783.79 s
Training batch 155/160 for epoch 21/2000; time elapsed: 108940.79 s
Epoch  21 Train Batch Loss:  0.311 ; Time elapsed:  109097.83
Training batch 0/160 for epoch 22/2000; time elapsed: 109097.83 s
Training batch 5/160 for epoch 22/2000; time elapsed: 109256.30 s
Training batch 10/160 for epoch 22/2000; time elapsed: 109415.02 s
Training batch 15/160 for epoch 22/2000; time elapsed: 109573.73 s
Training batch 20/160 for epoch 22/2000; time elapsed: 109731.91 s
Training batch 25/160 for epoch 22/2000; time elapsed: 109890.13 s
Training batch 30/160 for epoch 22/2000; time elapsed: 110047.03 s
Training batch 35/160 for epoch 22/2000; time elapsed: 110203.62 s
Training batch 40/160 for epoch 22/2000; time elapsed: 110361.08 s
Training batch 45/160 for epoch 22/2000; time elapsed: 110517.98 s
Training batch 50/160 for epoch 22/2000; time elapsed: 110675.61 s
Training batch 55/160 for epoch 22/2000; time elapsed: 110831.97 s
Training batch 60/160 for epoch 22/2000; time elapsed: 110986.91 s
Training batch 65/160 for epoch 22/2000; time elapsed: 111141.85 s
Training batch 70/160 for epoch 22/2000; time elapsed: 111296.52 s
Training batch 75/160 for epoch 22/2000; time elapsed: 111450.72 s
Training batch 80/160 for epoch 22/2000; time elapsed: 111607.76 s
Training batch 85/160 for epoch 22/2000; time elapsed: 111764.40 s
Training batch 90/160 for epoch 22/2000; time elapsed: 111921.68 s
Training batch 95/160 for epoch 22/2000; time elapsed: 112078.45 s
Training batch 100/160 for epoch 22/2000; time elapsed: 112235.43 s
Training batch 105/160 for epoch 22/2000; time elapsed: 112392.48 s
Training batch 110/160 for epoch 22/2000; time elapsed: 112547.45 s
Training batch 115/160 for epoch 22/2000; time elapsed: 112698.49 s
Training batch 120/160 for epoch 22/2000; time elapsed: 112853.80 s
Training batch 125/160 for epoch 22/2000; time elapsed: 113009.95 s
Training batch 130/160 for epoch 22/2000; time elapsed: 113165.97 s
Training batch 135/160 for epoch 22/2000; time elapsed: 113321.75 s
Training batch 140/160 for epoch 22/2000; time elapsed: 113477.68 s
Training batch 145/160 for epoch 22/2000; time elapsed: 113634.76 s
Training batch 150/160 for epoch 22/2000; time elapsed: 113790.76 s
Training batch 155/160 for epoch 22/2000; time elapsed: 113946.69 s
Epoch  22 Train Batch Loss:  0.315 ; Time elapsed:  114103.77
Training batch 0/160 for epoch 23/2000; time elapsed: 114103.77 s
Training batch 5/160 for epoch 23/2000; time elapsed: 114253.08 s
Training batch 10/160 for epoch 23/2000; time elapsed: 114411.39 s
Training batch 15/160 for epoch 23/2000; time elapsed: 114568.86 s
Training batch 20/160 for epoch 23/2000; time elapsed: 114727.67 s
Training batch 25/160 for epoch 23/2000; time elapsed: 114886.72 s
Training batch 30/160 for epoch 23/2000; time elapsed: 115046.45 s
Training batch 35/160 for epoch 23/2000; time elapsed: 115203.70 s
Training batch 40/160 for epoch 23/2000; time elapsed: 115337.28 s
Training batch 45/160 for epoch 23/2000; time elapsed: 115477.99 s
Training batch 50/160 for epoch 23/2000; time elapsed: 115618.32 s
Training batch 55/160 for epoch 23/2000; time elapsed: 115761.42 s
Training batch 60/160 for epoch 23/2000; time elapsed: 115914.17 s
Training batch 65/160 for epoch 23/2000; time elapsed: 116066.72 s
Training batch 70/160 for epoch 23/2000; time elapsed: 116219.30 s
Training batch 75/160 for epoch 23/2000; time elapsed: 116374.40 s
Training batch 80/160 for epoch 23/2000; time elapsed: 116532.86 s
Training batch 85/160 for epoch 23/2000; time elapsed: 116690.70 s
Training batch 90/160 for epoch 23/2000; time elapsed: 116848.03 s
Training batch 95/160 for epoch 23/2000; time elapsed: 117006.56 s
Training batch 100/160 for epoch 23/2000; time elapsed: 117165.63 s
Training batch 105/160 for epoch 23/2000; time elapsed: 117324.33 s
Training batch 110/160 for epoch 23/2000; time elapsed: 117480.93 s
Training batch 115/160 for epoch 23/2000; time elapsed: 117638.06 s
Training batch 120/160 for epoch 23/2000; time elapsed: 117794.80 s
Training batch 125/160 for epoch 23/2000; time elapsed: 117945.80 s
Training batch 130/160 for epoch 23/2000; time elapsed: 118096.79 s
Training batch 135/160 for epoch 23/2000; time elapsed: 118250.34 s
Training batch 140/160 for epoch 23/2000; time elapsed: 118403.41 s
Training batch 145/160 for epoch 23/2000; time elapsed: 118556.55 s
Training batch 150/160 for epoch 23/2000; time elapsed: 118708.94 s
Training batch 155/160 for epoch 23/2000; time elapsed: 118861.36 s
Epoch  23 Train Batch Loss:  0.31 ; Time elapsed:  119012.4
Training batch 0/160 for epoch 24/2000; time elapsed: 119012.40 s
Training batch 5/160 for epoch 24/2000; time elapsed: 119170.94 s
Training batch 10/160 for epoch 24/2000; time elapsed: 119329.22 s
Training batch 15/160 for epoch 24/2000; time elapsed: 119486.57 s
Training batch 20/160 for epoch 24/2000; time elapsed: 119622.56 s
Training batch 25/160 for epoch 24/2000; time elapsed: 119779.58 s
Training batch 30/160 for epoch 24/2000; time elapsed: 119937.17 s
Training batch 35/160 for epoch 24/2000; time elapsed: 120094.15 s
Training batch 40/160 for epoch 24/2000; time elapsed: 120250.07 s
Training batch 45/160 for epoch 24/2000; time elapsed: 120405.98 s
Training batch 50/160 for epoch 24/2000; time elapsed: 120562.70 s
Training batch 55/160 for epoch 24/2000; time elapsed: 120716.64 s
Training batch 60/160 for epoch 24/2000; time elapsed: 120869.21 s
Training batch 65/160 for epoch 24/2000; time elapsed: 121021.64 s
Training batch 70/160 for epoch 24/2000; time elapsed: 121175.08 s
Training batch 75/160 for epoch 24/2000; time elapsed: 121328.83 s
Training batch 80/160 for epoch 24/2000; time elapsed: 121481.67 s
Training batch 85/160 for epoch 24/2000; time elapsed: 121635.66 s
Training batch 90/160 for epoch 24/2000; time elapsed: 121789.93 s
Training batch 95/160 for epoch 24/2000; time elapsed: 121943.78 s
Training batch 100/160 for epoch 24/2000; time elapsed: 122096.91 s
Training batch 105/160 for epoch 24/2000; time elapsed: 122248.60 s
Training batch 110/160 for epoch 24/2000; time elapsed: 122398.15 s
Training batch 115/160 for epoch 24/2000; time elapsed: 122547.50 s
Training batch 120/160 for epoch 24/2000; time elapsed: 122701.24 s
Training batch 125/160 for epoch 24/2000; time elapsed: 122859.02 s
Training batch 130/160 for epoch 24/2000; time elapsed: 123017.77 s
Training batch 135/160 for epoch 24/2000; time elapsed: 123176.38 s
Training batch 140/160 for epoch 24/2000; time elapsed: 123334.29 s
Training batch 145/160 for epoch 24/2000; time elapsed: 123492.93 s
Training batch 150/160 for epoch 24/2000; time elapsed: 123651.65 s
Training batch 155/160 for epoch 24/2000; time elapsed: 123808.75 s
Epoch  24 Train Batch Loss:  0.309 ; Time elapsed:  123965.65
Training batch 0/160 for epoch 25/2000; time elapsed: 123965.65 s
Training batch 5/160 for epoch 25/2000; time elapsed: 124103.23 s
Training batch 10/160 for epoch 25/2000; time elapsed: 124240.39 s
Training batch 15/160 for epoch 25/2000; time elapsed: 124378.63 s
Training batch 20/160 for epoch 25/2000; time elapsed: 124521.71 s
Training batch 25/160 for epoch 25/2000; time elapsed: 124664.88 s
Training batch 30/160 for epoch 25/2000; time elapsed: 124810.70 s
Training batch 35/160 for epoch 25/2000; time elapsed: 124958.11 s
Training batch 40/160 for epoch 25/2000; time elapsed: 125109.72 s
Training batch 45/160 for epoch 25/2000; time elapsed: 125269.51 s
Training batch 50/160 for epoch 25/2000; time elapsed: 125429.07 s
Training batch 55/160 for epoch 25/2000; time elapsed: 125587.43 s
Training batch 60/160 for epoch 25/2000; time elapsed: 125746.34 s
Training batch 65/160 for epoch 25/2000; time elapsed: 125904.40 s
Training batch 70/160 for epoch 25/2000; time elapsed: 126063.80 s
Training batch 75/160 for epoch 25/2000; time elapsed: 126213.47 s
Training batch 80/160 for epoch 25/2000; time elapsed: 126364.85 s
Training batch 85/160 for epoch 25/2000; time elapsed: 126519.90 s
Training batch 90/160 for epoch 25/2000; time elapsed: 126675.63 s
Training batch 95/160 for epoch 25/2000; time elapsed: 126830.26 s
Training batch 100/160 for epoch 25/2000; time elapsed: 126985.35 s
Training batch 105/160 for epoch 25/2000; time elapsed: 127141.03 s
Training batch 110/160 for epoch 25/2000; time elapsed: 127296.96 s
Training batch 115/160 for epoch 25/2000; time elapsed: 127452.93 s
Training batch 120/160 for epoch 25/2000; time elapsed: 127608.05 s
Training batch 125/160 for epoch 25/2000; time elapsed: 127763.73 s
Training batch 130/160 for epoch 25/2000; time elapsed: 127919.81 s
Training batch 135/160 for epoch 25/2000; time elapsed: 128075.65 s
Training batch 140/160 for epoch 25/2000; time elapsed: 128227.93 s
Training batch 145/160 for epoch 25/2000; time elapsed: 128380.86 s
Training batch 150/160 for epoch 25/2000; time elapsed: 128539.86 s
Training batch 155/160 for epoch 25/2000; time elapsed: 128698.24 s
Epoch  25 Train Batch Loss:  0.313 Test Loss:  0.687 ; Time elapsed:  128944.09
Training batch 0/160 for epoch 26/2000; time elapsed: 128944.10 s
Training batch 5/160 for epoch 26/2000; time elapsed: 129096.83 s
Training batch 10/160 for epoch 26/2000; time elapsed: 129250.13 s
Training batch 15/160 for epoch 26/2000; time elapsed: 129403.27 s
Training batch 20/160 for epoch 26/2000; time elapsed: 129556.19 s
Training batch 25/160 for epoch 26/2000; time elapsed: 129709.03 s
Training batch 30/160 for epoch 26/2000; time elapsed: 129860.16 s
Training batch 35/160 for epoch 26/2000; time elapsed: 130007.35 s
Training batch 40/160 for epoch 26/2000; time elapsed: 130153.78 s
Training batch 45/160 for epoch 26/2000; time elapsed: 130300.42 s
Training batch 50/160 for epoch 26/2000; time elapsed: 130446.95 s
Training batch 55/160 for epoch 26/2000; time elapsed: 130593.45 s
Training batch 60/160 for epoch 26/2000; time elapsed: 130735.95 s
Training batch 65/160 for epoch 26/2000; time elapsed: 130868.00 s
Training batch 70/160 for epoch 26/2000; time elapsed: 131004.03 s
Training batch 75/160 for epoch 26/2000; time elapsed: 131140.19 s
Training batch 80/160 for epoch 26/2000; time elapsed: 131288.75 s
Training batch 85/160 for epoch 26/2000; time elapsed: 131445.49 s
Training batch 90/160 for epoch 26/2000; time elapsed: 131601.34 s
Training batch 95/160 for epoch 26/2000; time elapsed: 131757.10 s
Training batch 100/160 for epoch 26/2000; time elapsed: 131912.21 s
Training batch 105/160 for epoch 26/2000; time elapsed: 132069.09 s
Training batch 110/160 for epoch 26/2000; time elapsed: 132223.54 s
Training batch 115/160 for epoch 26/2000; time elapsed: 132369.32 s
Training batch 120/160 for epoch 26/2000; time elapsed: 132521.13 s
Training batch 125/160 for epoch 26/2000; time elapsed: 132677.78 s
Training batch 130/160 for epoch 26/2000; time elapsed: 132835.25 s
Training batch 135/160 for epoch 26/2000; time elapsed: 132991.87 s
Training batch 140/160 for epoch 26/2000; time elapsed: 133148.64 s
Training batch 145/160 for epoch 26/2000; time elapsed: 133305.14 s
Training batch 150/160 for epoch 26/2000; time elapsed: 133459.43 s
Training batch 155/160 for epoch 26/2000; time elapsed: 133613.70 s
Epoch  26 Train Batch Loss:  0.312 ; Time elapsed:  133768.24
Training batch 0/160 for epoch 27/2000; time elapsed: 133768.24 s
Training batch 5/160 for epoch 27/2000; time elapsed: 133907.29 s
Training batch 10/160 for epoch 27/2000; time elapsed: 134057.09 s
Training batch 15/160 for epoch 27/2000; time elapsed: 134207.27 s
Training batch 20/160 for epoch 27/2000; time elapsed: 134357.33 s
Training batch 25/160 for epoch 27/2000; time elapsed: 134507.41 s
Training batch 30/160 for epoch 27/2000; time elapsed: 134656.61 s
Training batch 35/160 for epoch 27/2000; time elapsed: 134806.75 s
Training batch 40/160 for epoch 27/2000; time elapsed: 134948.94 s
Training batch 45/160 for epoch 27/2000; time elapsed: 135086.13 s
Training batch 50/160 for epoch 27/2000; time elapsed: 135241.42 s
Training batch 55/160 for epoch 27/2000; time elapsed: 135399.20 s
Training batch 60/160 for epoch 27/2000; time elapsed: 135557.25 s
Training batch 65/160 for epoch 27/2000; time elapsed: 135715.69 s
Training batch 70/160 for epoch 27/2000; time elapsed: 135873.98 s
Training batch 75/160 for epoch 27/2000; time elapsed: 136033.57 s
Training batch 80/160 for epoch 27/2000; time elapsed: 136193.58 s
Training batch 85/160 for epoch 27/2000; time elapsed: 136349.72 s
Training batch 90/160 for epoch 27/2000; time elapsed: 136506.27 s
Training batch 95/160 for epoch 27/2000; time elapsed: 136664.63 s
Training batch 100/160 for epoch 27/2000; time elapsed: 136823.65 s
Training batch 105/160 for epoch 27/2000; time elapsed: 136981.98 s
Training batch 110/160 for epoch 27/2000; time elapsed: 137140.55 s
Training batch 115/160 for epoch 27/2000; time elapsed: 137298.76 s
Training batch 120/160 for epoch 27/2000; time elapsed: 137456.37 s
Training batch 125/160 for epoch 27/2000; time elapsed: 137611.51 s
Training batch 130/160 for epoch 27/2000; time elapsed: 137759.48 s
Training batch 135/160 for epoch 27/2000; time elapsed: 137914.15 s
Training batch 140/160 for epoch 27/2000; time elapsed: 138069.83 s
Training batch 145/160 for epoch 27/2000; time elapsed: 138225.01 s
Training batch 150/160 for epoch 27/2000; time elapsed: 138381.74 s
Training batch 155/160 for epoch 27/2000; time elapsed: 138539.16 s
Epoch  27 Train Batch Loss:  0.305 ; Time elapsed:  138696.25
Training batch 0/160 for epoch 28/2000; time elapsed: 138696.25 s
Training batch 5/160 for epoch 28/2000; time elapsed: 138838.77 s
Training batch 10/160 for epoch 28/2000; time elapsed: 138981.61 s
Training batch 15/160 for epoch 28/2000; time elapsed: 139129.39 s
Training batch 20/160 for epoch 28/2000; time elapsed: 139278.90 s
Training batch 25/160 for epoch 28/2000; time elapsed: 139428.31 s
Training batch 30/160 for epoch 28/2000; time elapsed: 139577.00 s
Training batch 35/160 for epoch 28/2000; time elapsed: 139725.27 s
Training batch 40/160 for epoch 28/2000; time elapsed: 139874.69 s
Training batch 45/160 for epoch 28/2000; time elapsed: 140023.84 s
Training batch 50/160 for epoch 28/2000; time elapsed: 140170.39 s
Training batch 55/160 for epoch 28/2000; time elapsed: 140307.27 s
Training batch 60/160 for epoch 28/2000; time elapsed: 140441.73 s
Training batch 65/160 for epoch 28/2000; time elapsed: 140577.39 s
Training batch 70/160 for epoch 28/2000; time elapsed: 140712.16 s
Training batch 75/160 for epoch 28/2000; time elapsed: 140848.27 s
Training batch 80/160 for epoch 28/2000; time elapsed: 140983.92 s
Training batch 85/160 for epoch 28/2000; time elapsed: 141139.67 s
Training batch 90/160 for epoch 28/2000; time elapsed: 141295.84 s
Training batch 95/160 for epoch 28/2000; time elapsed: 141452.76 s
Training batch 100/160 for epoch 28/2000; time elapsed: 141610.23 s
Training batch 105/160 for epoch 28/2000; time elapsed: 141767.54 s
Training batch 110/160 for epoch 28/2000; time elapsed: 141925.12 s
Training batch 115/160 for epoch 28/2000; time elapsed: 142082.88 s
Training batch 120/160 for epoch 28/2000; time elapsed: 142239.24 s
Training batch 125/160 for epoch 28/2000; time elapsed: 142397.40 s
Training batch 130/160 for epoch 28/2000; time elapsed: 142555.72 s
Training batch 135/160 for epoch 28/2000; time elapsed: 142713.32 s
Training batch 140/160 for epoch 28/2000; time elapsed: 142870.75 s
Training batch 145/160 for epoch 28/2000; time elapsed: 143027.62 s
Training batch 150/160 for epoch 28/2000; time elapsed: 143183.89 s
Training batch 155/160 for epoch 28/2000; time elapsed: 143341.48 s
Epoch  28 Train Batch Loss:  0.306 ; Time elapsed:  143498.41
Training batch 0/160 for epoch 29/2000; time elapsed: 143498.41 s
Training batch 5/160 for epoch 29/2000; time elapsed: 143658.50 s
Training batch 10/160 for epoch 29/2000; time elapsed: 143819.19 s
Training batch 15/160 for epoch 29/2000; time elapsed: 143979.83 s
Training batch 20/160 for epoch 29/2000; time elapsed: 144139.54 s
Training batch 25/160 for epoch 29/2000; time elapsed: 144297.00 s
Training batch 30/160 for epoch 29/2000; time elapsed: 144454.30 s
Training batch 35/160 for epoch 29/2000; time elapsed: 144610.49 s
Training batch 40/160 for epoch 29/2000; time elapsed: 144765.35 s
Training batch 45/160 for epoch 29/2000; time elapsed: 144920.08 s
Training batch 50/160 for epoch 29/2000; time elapsed: 145074.79 s
Training batch 55/160 for epoch 29/2000; time elapsed: 145230.14 s
Training batch 60/160 for epoch 29/2000; time elapsed: 145385.05 s
Training batch 65/160 for epoch 29/2000; time elapsed: 145538.76 s
Training batch 70/160 for epoch 29/2000; time elapsed: 145681.92 s
Training batch 75/160 for epoch 29/2000; time elapsed: 145827.12 s
Training batch 80/160 for epoch 29/2000; time elapsed: 145974.48 s
Training batch 85/160 for epoch 29/2000; time elapsed: 146130.68 s
Training batch 90/160 for epoch 29/2000; time elapsed: 146287.77 s
Training batch 95/160 for epoch 29/2000; time elapsed: 146444.06 s
Training batch 100/160 for epoch 29/2000; time elapsed: 146600.57 s
Training batch 105/160 for epoch 29/2000; time elapsed: 146756.74 s
Training batch 110/160 for epoch 29/2000; time elapsed: 146914.39 s
Training batch 115/160 for epoch 29/2000; time elapsed: 147072.01 s
Training batch 120/160 for epoch 29/2000; time elapsed: 147228.41 s
Training batch 125/160 for epoch 29/2000; time elapsed: 147386.29 s
Training batch 130/160 for epoch 29/2000; time elapsed: 147543.95 s
Training batch 135/160 for epoch 29/2000; time elapsed: 147701.09 s
Training batch 140/160 for epoch 29/2000; time elapsed: 147857.96 s
Training batch 145/160 for epoch 29/2000; time elapsed: 148016.04 s
Training batch 150/160 for epoch 29/2000; time elapsed: 148174.86 s
Training batch 155/160 for epoch 29/2000; time elapsed: 148333.43 s
Epoch  29 Train Batch Loss:  0.31 ; Time elapsed:  148490.09
Training batch 0/160 for epoch 30/2000; time elapsed: 148490.09 s
Training batch 5/160 for epoch 30/2000; time elapsed: 148632.23 s
Training batch 10/160 for epoch 30/2000; time elapsed: 148776.31 s
Training batch 15/160 for epoch 30/2000; time elapsed: 148922.31 s
Training batch 20/160 for epoch 30/2000; time elapsed: 149067.34 s
Training batch 25/160 for epoch 30/2000; time elapsed: 149213.57 s
Training batch 30/160 for epoch 30/2000; time elapsed: 149359.75 s
Training batch 35/160 for epoch 30/2000; time elapsed: 149505.63 s
Training batch 40/160 for epoch 30/2000; time elapsed: 149650.89 s
Training batch 45/160 for epoch 30/2000; time elapsed: 149794.79 s
Training batch 50/160 for epoch 30/2000; time elapsed: 149938.54 s
Training batch 55/160 for epoch 30/2000; time elapsed: 150089.17 s
Training batch 60/160 for epoch 30/2000; time elapsed: 150239.51 s
Training batch 65/160 for epoch 30/2000; time elapsed: 150390.14 s
Training batch 70/160 for epoch 30/2000; time elapsed: 150540.63 s
Training batch 75/160 for epoch 30/2000; time elapsed: 150690.82 s
Training batch 80/160 for epoch 30/2000; time elapsed: 150840.90 s
Training batch 85/160 for epoch 30/2000; time elapsed: 150992.32 s
Training batch 90/160 for epoch 30/2000; time elapsed: 151145.90 s
Training batch 95/160 for epoch 30/2000; time elapsed: 151299.15 s
Training batch 100/160 for epoch 30/2000; time elapsed: 151451.92 s
Training batch 105/160 for epoch 30/2000; time elapsed: 151604.76 s
Training batch 110/160 for epoch 30/2000; time elapsed: 151755.40 s
Training batch 115/160 for epoch 30/2000; time elapsed: 151912.70 s
Training batch 120/160 for epoch 30/2000; time elapsed: 152071.34 s
Training batch 125/160 for epoch 30/2000; time elapsed: 152230.37 s
Training batch 130/160 for epoch 30/2000; time elapsed: 152389.66 s
Training batch 135/160 for epoch 30/2000; time elapsed: 152548.40 s
Training batch 140/160 for epoch 30/2000; time elapsed: 152707.28 s
Training batch 145/160 for epoch 30/2000; time elapsed: 152864.92 s
Training batch 150/160 for epoch 30/2000; time elapsed: 153023.53 s
Training batch 155/160 for epoch 30/2000; time elapsed: 153174.43 s
Epoch  30 Train Batch Loss:  0.309 Test Loss:  0.71 ; Time elapsed:  153408.65
Training batch 0/160 for epoch 31/2000; time elapsed: 153408.65 s
Training batch 5/160 for epoch 31/2000; time elapsed: 153564.94 s
Training batch 10/160 for epoch 31/2000; time elapsed: 153720.57 s
Training batch 15/160 for epoch 31/2000; time elapsed: 153868.45 s
Training batch 20/160 for epoch 31/2000; time elapsed: 154016.90 s
Training batch 25/160 for epoch 31/2000; time elapsed: 154165.07 s
Training batch 30/160 for epoch 31/2000; time elapsed: 154312.83 s
Training batch 35/160 for epoch 31/2000; time elapsed: 154460.57 s
Training batch 40/160 for epoch 31/2000; time elapsed: 154608.68 s
Training batch 45/160 for epoch 31/2000; time elapsed: 154755.71 s
Training batch 50/160 for epoch 31/2000; time elapsed: 154902.40 s
Training batch 55/160 for epoch 31/2000; time elapsed: 155050.94 s
Training batch 60/160 for epoch 31/2000; time elapsed: 155208.68 s
Training batch 65/160 for epoch 31/2000; time elapsed: 155366.41 s
Training batch 70/160 for epoch 31/2000; time elapsed: 155523.74 s
Training batch 75/160 for epoch 31/2000; time elapsed: 155681.52 s
Training batch 80/160 for epoch 31/2000; time elapsed: 155838.55 s
Training batch 85/160 for epoch 31/2000; time elapsed: 155995.77 s
Training batch 90/160 for epoch 31/2000; time elapsed: 156151.77 s
Training batch 95/160 for epoch 31/2000; time elapsed: 156306.11 s
Training batch 100/160 for epoch 31/2000; time elapsed: 156459.43 s
Training batch 105/160 for epoch 31/2000; time elapsed: 156612.96 s
Training batch 110/160 for epoch 31/2000; time elapsed: 156766.94 s
Training batch 115/160 for epoch 31/2000; time elapsed: 156921.08 s
Training batch 120/160 for epoch 31/2000; time elapsed: 157074.67 s
Training batch 125/160 for epoch 31/2000; time elapsed: 157228.30 s
Training batch 130/160 for epoch 31/2000; time elapsed: 157381.24 s
Training batch 135/160 for epoch 31/2000; time elapsed: 157534.33 s
Training batch 140/160 for epoch 31/2000; time elapsed: 157689.50 s
Training batch 145/160 for epoch 31/2000; time elapsed: 157846.54 s
Training batch 150/160 for epoch 31/2000; time elapsed: 158003.05 s
Training batch 155/160 for epoch 31/2000; time elapsed: 158161.65 s
Epoch  31 Train Batch Loss:  0.304 ; Time elapsed:  158320.88
Training batch 0/160 for epoch 32/2000; time elapsed: 158320.88 s
Training batch 5/160 for epoch 32/2000; time elapsed: 158479.92 s
Training batch 10/160 for epoch 32/2000; time elapsed: 158634.68 s
Training batch 15/160 for epoch 32/2000; time elapsed: 158790.44 s
Training batch 20/160 for epoch 32/2000; time elapsed: 158947.04 s
Training batch 25/160 for epoch 32/2000; time elapsed: 159103.85 s
Training batch 30/160 for epoch 32/2000; time elapsed: 159260.72 s
Training batch 35/160 for epoch 32/2000; time elapsed: 159417.98 s
Training batch 40/160 for epoch 32/2000; time elapsed: 159575.05 s
Training batch 45/160 for epoch 32/2000; time elapsed: 159734.58 s
Training batch 50/160 for epoch 32/2000; time elapsed: 159891.98 s
Training batch 55/160 for epoch 32/2000; time elapsed: 160050.37 s
Training batch 60/160 for epoch 32/2000; time elapsed: 160208.86 s
Training batch 65/160 for epoch 32/2000; time elapsed: 160367.58 s
Training batch 70/160 for epoch 32/2000; time elapsed: 160528.18 s
Training batch 75/160 for epoch 32/2000; time elapsed: 160679.63 s
Training batch 80/160 for epoch 32/2000; time elapsed: 160824.84 s
Training batch 85/160 for epoch 32/2000; time elapsed: 160970.25 s
Training batch 90/160 for epoch 32/2000; time elapsed: 161116.29 s
Training batch 95/160 for epoch 32/2000; time elapsed: 161262.52 s
Training batch 100/160 for epoch 32/2000; time elapsed: 161407.58 s
Training batch 105/160 for epoch 32/2000; time elapsed: 161553.31 s
Training batch 110/160 for epoch 32/2000; time elapsed: 161698.59 s
Training batch 115/160 for epoch 32/2000; time elapsed: 161847.59 s
Training batch 120/160 for epoch 32/2000; time elapsed: 161996.73 s
Training batch 125/160 for epoch 32/2000; time elapsed: 162146.14 s
Training batch 130/160 for epoch 32/2000; time elapsed: 162296.57 s
Training batch 135/160 for epoch 32/2000; time elapsed: 162445.85 s
Training batch 140/160 for epoch 32/2000; time elapsed: 162595.96 s
Training batch 145/160 for epoch 32/2000; time elapsed: 162745.30 s
Training batch 150/160 for epoch 32/2000; time elapsed: 162897.27 s
Training batch 155/160 for epoch 32/2000; time elapsed: 163050.07 s
Epoch  32 Train Batch Loss:  0.322 ; Time elapsed:  163201.98
Training batch 0/160 for epoch 33/2000; time elapsed: 163201.98 s
Training batch 5/160 for epoch 33/2000; time elapsed: 163359.64 s
Training batch 10/160 for epoch 33/2000; time elapsed: 163516.90 s
Training batch 15/160 for epoch 33/2000; time elapsed: 163676.74 s
Training batch 20/160 for epoch 33/2000; time elapsed: 163836.20 s
Training batch 25/160 for epoch 33/2000; time elapsed: 163996.44 s
Training batch 30/160 for epoch 33/2000; time elapsed: 164156.00 s
Training batch 35/160 for epoch 33/2000; time elapsed: 164303.29 s
Training batch 40/160 for epoch 33/2000; time elapsed: 164451.38 s
Training batch 45/160 for epoch 33/2000; time elapsed: 164599.62 s
Training batch 50/160 for epoch 33/2000; time elapsed: 164746.81 s
Training batch 55/160 for epoch 33/2000; time elapsed: 164892.26 s
Training batch 60/160 for epoch 33/2000; time elapsed: 165034.04 s
Training batch 65/160 for epoch 33/2000; time elapsed: 165179.83 s
Training batch 70/160 for epoch 33/2000; time elapsed: 165325.02 s
Training batch 75/160 for epoch 33/2000; time elapsed: 165470.24 s
Training batch 80/160 for epoch 33/2000; time elapsed: 165614.85 s
Training batch 85/160 for epoch 33/2000; time elapsed: 165758.67 s
Training batch 90/160 for epoch 33/2000; time elapsed: 165910.76 s
Training batch 95/160 for epoch 33/2000; time elapsed: 166062.90 s
Training batch 100/160 for epoch 33/2000; time elapsed: 166215.75 s
Training batch 105/160 for epoch 33/2000; time elapsed: 166369.14 s
Training batch 110/160 for epoch 33/2000; time elapsed: 166521.80 s
Training batch 115/160 for epoch 33/2000; time elapsed: 166675.44 s
Training batch 120/160 for epoch 33/2000; time elapsed: 166827.00 s
Training batch 125/160 for epoch 33/2000; time elapsed: 166976.71 s
Training batch 130/160 for epoch 33/2000; time elapsed: 167125.86 s
Training batch 135/160 for epoch 33/2000; time elapsed: 167275.90 s
Training batch 140/160 for epoch 33/2000; time elapsed: 167435.39 s
Training batch 145/160 for epoch 33/2000; time elapsed: 167594.54 s
Training batch 150/160 for epoch 33/2000; time elapsed: 167752.78 s
Training batch 155/160 for epoch 33/2000; time elapsed: 167911.27 s
Epoch  33 Train Batch Loss:  0.319 ; Time elapsed:  168070.42
Training batch 0/160 for epoch 34/2000; time elapsed: 168070.42 s
Training batch 5/160 for epoch 34/2000; time elapsed: 168227.69 s
Training batch 10/160 for epoch 34/2000; time elapsed: 168379.91 s
Training batch 15/160 for epoch 34/2000; time elapsed: 168533.29 s
Training batch 20/160 for epoch 34/2000; time elapsed: 168686.56 s
Training batch 25/160 for epoch 34/2000; time elapsed: 168843.74 s
Training batch 30/160 for epoch 34/2000; time elapsed: 169002.84 s
Training batch 35/160 for epoch 34/2000; time elapsed: 169161.94 s
Training batch 40/160 for epoch 34/2000; time elapsed: 169320.74 s
Training batch 45/160 for epoch 34/2000; time elapsed: 169479.31 s
Training batch 50/160 for epoch 34/2000; time elapsed: 169637.63 s
Training batch 55/160 for epoch 34/2000; time elapsed: 169795.76 s
Training batch 60/160 for epoch 34/2000; time elapsed: 169953.38 s
Training batch 65/160 for epoch 34/2000; time elapsed: 170112.88 s
Training batch 70/160 for epoch 34/2000; time elapsed: 170272.52 s
Training batch 75/160 for epoch 34/2000; time elapsed: 170432.33 s
Training batch 80/160 for epoch 34/2000; time elapsed: 170592.50 s
Training batch 85/160 for epoch 34/2000; time elapsed: 170752.38 s
Training batch 90/160 for epoch 34/2000; time elapsed: 170911.69 s
Training batch 95/160 for epoch 34/2000; time elapsed: 171067.81 s
Training batch 100/160 for epoch 34/2000; time elapsed: 171221.88 s
Training batch 105/160 for epoch 34/2000; time elapsed: 171374.06 s
Training batch 110/160 for epoch 34/2000; time elapsed: 171526.26 s
Training batch 115/160 for epoch 34/2000; time elapsed: 171678.54 s
Training batch 120/160 for epoch 34/2000; time elapsed: 171834.70 s
Training batch 125/160 for epoch 34/2000; time elapsed: 171992.16 s
Training batch 130/160 for epoch 34/2000; time elapsed: 172150.68 s
Training batch 135/160 for epoch 34/2000; time elapsed: 172309.01 s
Training batch 140/160 for epoch 34/2000; time elapsed: 172468.21 s
Training batch 145/160 for epoch 34/2000; time elapsed: 172627.42 s
Training batch 150/160 for epoch 34/2000; time elapsed: 172786.76 s
